<?xml version="1.0" encoding="UTF-8"?>
<testng-results skipped="0" failed="0" total="1" passed="1">
  <reporter-output>
  </reporter-output>
  <suite name="Suite" duration-ms="33" started-at="2016-02-12T11:19:42Z" finished-at="2016-02-12T11:19:42Z">
    <groups>
    </groups>
    <test name="Test" duration-ms="33" started-at="2016-02-12T11:19:42Z" finished-at="2016-02-12T11:19:42Z">
      <class name="com.IXSProject.TestClass">
        <test-method status="PASS" signature="testhello()[pri:0, instance:com.IXSProject.TestClass@7907ec20]" name="testhello" duration-ms="16" started-at="2016-02-12T16:49:42Z" finished-at="2016-02-12T16:49:42Z">
          <reporter-output>
          </reporter-output>
        </test-method> <!-- testhello -->
      </class> <!-- com.IXSProject.TestClass -->
    </test> <!-- Test -->
  </suite> <!-- Suite -->
</testng-results>
